<?xml version="1.0" encoding="UTF-8"?>
<!-- Generated by org.testng.reporters.JUnitReportReporter -->
<testsuite skipped="0" hostname="LAPTOP-4C7TGBCE" name="MavenTests.TestMaven" tests="3" failures="0" timestamp="26 Apr 2018 09:17:24 GMT" time="0.046" errors="0">
  <testcase name="AddTwo" time="0.042" classname="MavenTests.TestMaven"/>
  <testcase name="AddThree" time="0.002" classname="MavenTests.TestMaven"/>
  <testcase name="A" time="0.002" classname="MavenTests.TestMaven"/>
</testsuite> <!-- MavenTests.TestMaven -->
